The HCMV genome (EF999921) has 168 CDS.

target_id	                        test_stat	        pval	                qval
lcl|EF999921.1_cds_ABV71604.1_107	14.8057504795672	0.000119171555146101	0.0117101251847664
lcl|EF999921.1_cds_ABV71622.1_125	14.498905237759   0.000140241020176843	0.0117101251847664
lcl|EF999921.1_cds_ABV71560.1_63	12.8636817095876	0.000335020819830706	0.0167402563069009
lcl|EF999921.1_cds_ABV71652.1_155	12.5276946305693	0.000400964222919783	0.0167402563069009
lcl|EF999921.1_cds_ABV71626.1_129	11.8132205633657	0.000588116135074506	0.0172288419270757
lcl|EF999921.1_cds_ABV71651.1_154	11.5047110924435	0.000694200192408038	0.0172288419270757
lcl|EF999921.1_cds_ABV71646.1_149	11.4313112535869	0.000722167026883414	0.0172288419270757
lcl|EF999921.1_cds_ABV71649.1_152	11.1497510094255	0.000840429527796742	0.017543966392757
lcl|EF999921.1_cds_ABV71561.1_64	10.4405078643537	0.00123281367817803	 0.0228755426950813
lcl|EF999921.1_cds_ABV71595.1_98	10.008596575176	    0.00155811210143623	  0.0260204720939851
lcl|EF999921.1_cds_ABV71519.1_22	8.64358255716864	0.0032821538913352	 0.0440893050315705
lcl|EF999921.1_cds_ABV71596.1_99	8.57115161080202	0.00341531066311272	 0.0440893050315705
lcl|EF999921.1_cds_ABV71506.1_9   8.40172360778601	0.0037486540935424	  0.0440893050315705
lcl|EF999921.1_cds_ABV71607.1_110	8.35147590717117	0.00385374169694898	 0.0440893050315705
lcl|EF999921.1_cds_ABV71635.1_138	8.30201243891834	0.00396011721840454	 0.0440893050315705
lcl|EF999921.1_cds_ABV71507.1_10	7.96945392207665	0.00475732883498973	 0.0496546197152053


Donor 1 (2dpi) had 2259287 read pairs before Bowtie2 filtering and 1312790 read pairs after.
Donor 1 (6dpi) had 2004530 read pairs before Bowtie2 filtering and 1041195 read pairs after.
Donor 3 (2dpi) had 2730258 read pairs before Bowtie2 filtering and 1764133 read pairs after.
Donor 3 (6dpi) had 2476889 read pairs before Bowtie2 filtering and 1216629 read pairs after.

spades -k 55,77,99,127 -t 2 --only-assembler --pe1-1 SRR5660030.1_mapped_1.fq --pe1-2 SRR5660030.1_mapped_2.fq --pe2-1 SRR5660033.1_mapped_1.fq --pe2-2 SRR5660033.1_mapped_2.fq --pe3-1 SRR5660044.1_mapped_1.fq --pe3-2 SRR5660044.1_mapped_2.fq --pe4-1 SRR5660045.1_mapped_1.fq --pe4-2 SRR5660045.1_mapped_2.fq -o hcmv_assembly/

There are 65 contigs > 1000 bp in the assembly.
There are 133317 bp in the assembly.

sacc	        pident	length	qstart	qend	sstart	send	bitscore evalue	stitle
KX544839.1	99.902	1017	1	1017	58078	59094	1873	0.0	KX544839.1 Human herpesvirus 5 isolate TB40-E_UNC	 complete genome
EF999921.1	99.902	1017	1	1017	58090	59106	1873	0.0	EF999921.1 Human herpesvirus 5 strain TB40/E clone TB40-BAC4	 complete sequence
MT070140.1	99.902	1017	1	1017	25820	26836	1873	0.0	MT070140.1 UNVERIFIED: Human betaherpesvirus 5 isolate P10	 complete genome
MT044484.1	99.902	1017	1	1017	25402	26418	1873	0.0	MT044484.1 Human betaherpesvirus 5 strain HAN-SOT4	 complete genome
KF297339.1	99.902	1017	1	1017	26049	27065	1873	0.0	KF297339.1 Human herpesvirus 5 strain TB40/E clone Lisa	 complete genome
KJ361956.1	99.803	1017	1	1017	24932	25948	1868	0.0	KJ361956.1 Human herpesvirus 5 strain HAN36	 complete genome
KX544840.1	99.705	1017	1	1017	55071	56087	1862	0.0	KX544840.1 Human herpesvirus 5 isolate UXCA_Merck_UNC	 complete genome
KX544838.1	99.705	1017	1	1017	25390	26406	1862	0.0	KX544838.1 Human herpesvirus 5 isolate VR7863	 complete genome
KP745660.1	99.705	1017	1	1017	25090	26106	1862	0.0	KP745660.1 Human herpesvirus 5 strain BE/6/2011	 complete genome
KP745668.1	99.705	1017	1	1017	25243	26259	1862	0.0	KP745668.1 Human herpesvirus 5 strain BE/18/2011	 complete genome
